Build started 02.11.2020 11:01:55.
     1>Project "E:\pentest_labs\hackthebox\machines\buff\defender\defender\defender.vcxproj" on node 2 (Build target(s)).
     1>ClCompile:
         C:\Program Files (x86)\Microsoft Visual Studio 12.0\VC\bin\CL.exe /c /ZI /nologo /W3 /WX- /sdl /Od /Oy- /D _MBCS /Gm /EHsc /RTC1 /MDd /GS /fp:precise /Zc:wchar_t /Zc:forScope /Fo"Debug\\" /Fd"Debug\vc120.pdb" /Gd /TP /analyze- /errorReport:prompt main.cpp
         main.cpp
       Link:
         C:\Program Files (x86)\Microsoft Visual Studio 12.0\VC\bin\link.exe /ERRORREPORT:PROMPT /OUT:"E:\pentest_labs\hackthebox\machines\buff\defender\Debug\defender.exe" /INCREMENTAL /NOLOGO kernel32.lib user32.lib gdi32.lib winspool.lib comdlg32.lib advapi32.lib shell32.lib ole32.lib oleaut32.lib uuid.lib odbc32.lib odbccp32.lib /MANIFEST /MANIFESTUAC:"level='asInvoker' uiAccess='false'" /manifest:embed /DEBUG /PDB:"E:\pentest_labs\hackthebox\machines\buff\defender\Debug\defender.pdb" /TLBID:1 /DYNAMICBASE /NXCOMPAT /IMPLIB:"E:\pentest_labs\hackthebox\machines\buff\defender\Debug\defender.lib" /MACHINE:X86 Debug\main.obj
     1>LINK : fatal error LNK1221: a subsystem can't be inferred and must be defined
     1>Done Building Project "E:\pentest_labs\hackthebox\machines\buff\defender\defender\defender.vcxproj" (Build target(s)) -- FAILED.

Build FAILED.

Time Elapsed 00:00:02.53
